<?xml version="1.0" encoding="UTF-8"?>
<!-- Generated by org.testng.reporters.JUnitXMLReporter -->
<testsuite ignored="0" hostname="Srinivasulu" failures="0" tests="5" name="Guru99 Tests" time="25.198" errors="0" timestamp="2023-09-03T20:25:05 IST">
  <testcase classname="com.samurai.qa.testcases.LoginPageTest" name="validateLoginPageTitle" time="0.017"/>
  <testcase classname="com.samurai.qa.testcases.LoginPageTest" name="validateLoginPageLogo" time="0.047"/>
  <testcase classname="com.samurai.qa.testcases.LoginPageTest" name="loginToApp" time="1.448"/>
  <testcase classname="com.samurai.qa.testcases.HomePageTest" name="validateHomePageLogo" time="0.063"/>
  <testcase classname="com.samurai.qa.testcases.HomePageTest" name="clickDeleteCustomerBtn" time="0.088"/>
</testsuite> <!-- Guru99 Tests -->
