<?xml version="1.0" encoding="UTF-8"?>
<testng-results ignored="0" total="5" passed="5" failed="0" skipped="0">
  <reporter-output>
  </reporter-output>
  <suite started-at="2023-09-03T20:24:40 IST" name="Guru99 website Automation" finished-at="2023-09-03T20:25:05 IST" duration-ms="25198">
    <groups>
    </groups>
    <test started-at="2023-09-03T20:24:40 IST" name="Guru99 Tests" finished-at="2023-09-03T20:25:05 IST" duration-ms="25198">
      <class name="com.samurai.qa.testcases.LoginPageTest">
        <test-method is-config="true" signature="setUp()[pri:0, instance:com.samurai.qa.testcases.LoginPageTest@399f45b1]" started-at="2023-09-03T20:24:40 IST" name="setUp" finished-at="2023-09-03T20:24:44 IST" duration-ms="4403" status="PASS">
          <reporter-output>
          </reporter-output>
        </test-method> <!-- setUp -->
        <test-method signature="validateLoginPageTitle()[pri:1, instance:com.samurai.qa.testcases.LoginPageTest@399f45b1]" started-at="2023-09-03T20:24:44 IST" name="validateLoginPageTitle" finished-at="2023-09-03T20:24:44 IST" duration-ms="17" status="PASS">
          <reporter-output>
          </reporter-output>
        </test-method> <!-- validateLoginPageTitle -->
        <test-method is-config="true" signature="tearDown()[pri:0, instance:com.samurai.qa.testcases.LoginPageTest@399f45b1]" started-at="2023-09-03T20:24:44 IST" name="tearDown" finished-at="2023-09-03T20:24:45 IST" duration-ms="185" status="PASS">
          <reporter-output>
          </reporter-output>
        </test-method> <!-- tearDown -->
        <test-method is-config="true" signature="setUp()[pri:0, instance:com.samurai.qa.testcases.LoginPageTest@399f45b1]" started-at="2023-09-03T20:24:45 IST" name="setUp" finished-at="2023-09-03T20:24:48 IST" duration-ms="3574" status="PASS">
          <reporter-output>
          </reporter-output>
        </test-method> <!-- setUp -->
        <test-method signature="validateLoginPageLogo()[pri:2, instance:com.samurai.qa.testcases.LoginPageTest@399f45b1]" started-at="2023-09-03T20:24:48 IST" name="validateLoginPageLogo" finished-at="2023-09-03T20:24:48 IST" duration-ms="47" status="PASS">
          <reporter-output>
          </reporter-output>
        </test-method> <!-- validateLoginPageLogo -->
        <test-method is-config="true" signature="tearDown()[pri:0, instance:com.samurai.qa.testcases.LoginPageTest@399f45b1]" started-at="2023-09-03T20:24:48 IST" name="tearDown" finished-at="2023-09-03T20:24:48 IST" duration-ms="145" status="PASS">
          <reporter-output>
          </reporter-output>
        </test-method> <!-- tearDown -->
        <test-method is-config="true" signature="setUp()[pri:0, instance:com.samurai.qa.testcases.LoginPageTest@399f45b1]" started-at="2023-09-03T20:24:48 IST" name="setUp" finished-at="2023-09-03T20:24:52 IST" duration-ms="3582" status="PASS">
          <reporter-output>
          </reporter-output>
        </test-method> <!-- setUp -->
        <test-method signature="loginToApp()[pri:3, instance:com.samurai.qa.testcases.LoginPageTest@399f45b1]" started-at="2023-09-03T20:24:52 IST" name="loginToApp" finished-at="2023-09-03T20:24:53 IST" duration-ms="1448" status="PASS">
          <reporter-output>
          </reporter-output>
        </test-method> <!-- loginToApp -->
        <test-method is-config="true" signature="tearDown()[pri:0, instance:com.samurai.qa.testcases.LoginPageTest@399f45b1]" started-at="2023-09-03T20:24:53 IST" name="tearDown" finished-at="2023-09-03T20:24:54 IST" duration-ms="147" status="PASS">
          <reporter-output>
          </reporter-output>
        </test-method> <!-- tearDown -->
      </class> <!-- com.samurai.qa.testcases.LoginPageTest -->
      <class name="com.samurai.qa.testcases.HomePageTest">
        <test-method is-config="true" signature="setUp()[pri:0, instance:com.samurai.qa.testcases.HomePageTest@6aeb35e6]" started-at="2023-09-03T20:24:54 IST" name="setUp" finished-at="2023-09-03T20:24:59 IST" duration-ms="5048" status="PASS">
          <reporter-output>
          </reporter-output>
        </test-method> <!-- setUp -->
        <test-method signature="validateHomePageLogo()[pri:1, instance:com.samurai.qa.testcases.HomePageTest@6aeb35e6]" started-at="2023-09-03T20:24:59 IST" name="validateHomePageLogo" finished-at="2023-09-03T20:24:59 IST" duration-ms="63" status="PASS">
          <reporter-output>
          </reporter-output>
        </test-method> <!-- validateHomePageLogo -->
        <test-method is-config="true" signature="tearDown()[pri:0, instance:com.samurai.qa.testcases.HomePageTest@6aeb35e6]" started-at="2023-09-03T20:24:59 IST" name="tearDown" finished-at="2023-09-03T20:24:59 IST" duration-ms="179" status="PASS">
          <reporter-output>
          </reporter-output>
        </test-method> <!-- tearDown -->
        <test-method is-config="true" signature="setUp()[pri:0, instance:com.samurai.qa.testcases.HomePageTest@6aeb35e6]" started-at="2023-09-03T20:24:59 IST" name="setUp" finished-at="2023-09-03T20:25:05 IST" duration-ms="6043" status="PASS">
          <reporter-output>
          </reporter-output>
        </test-method> <!-- setUp -->
        <test-method signature="clickDeleteCustomerBtn()[pri:2, instance:com.samurai.qa.testcases.HomePageTest@6aeb35e6]" started-at="2023-09-03T20:25:05 IST" name="clickDeleteCustomerBtn" finished-at="2023-09-03T20:25:05 IST" duration-ms="88" status="PASS">
          <reporter-output>
          </reporter-output>
        </test-method> <!-- clickDeleteCustomerBtn -->
        <test-method is-config="true" signature="tearDown()[pri:0, instance:com.samurai.qa.testcases.HomePageTest@6aeb35e6]" started-at="2023-09-03T20:25:05 IST" name="tearDown" finished-at="2023-09-03T20:25:05 IST" duration-ms="181" status="PASS">
          <reporter-output>
          </reporter-output>
        </test-method> <!-- tearDown -->
      </class> <!-- com.samurai.qa.testcases.HomePageTest -->
    </test> <!-- Guru99 Tests -->
  </suite> <!-- Guru99 website Automation -->
</testng-results>
